<?xml version="1.0" encoding="UTF-8"?>
<testsuite xmlns:xsi="http://www.w3.org/2001/XMLSchema-instance" xsi:noNamespaceSchemaLocation="https://maven.apache.org/surefire/maven-surefire-plugin/xsd/surefire-test-report.xsd" version="3.0.2" name="com.example.incidentintake.AuditHistoryTest" time="8.29" tests="2" errors="0" skipped="0" failures="0">
  <properties>
[...]
</properties>
  <testcase name="historyContainsAuditRowPerTransition" classname="com.example.incidentintake.AuditHistoryTest" time="2.228">
    <system-out><![CDATA[17:27:22.952 [main] INFO org.springframework.test.context.support.AnnotationConfigContextLoaderUtils -- Could not detect default configuration classes for test class [com.example.incidentintake.AuditHistoryTest]: AuditHistoryTest does not declare any static, non-private, non-final, nested classes annotated with @Configuration.
17:27:23.097 [main] INFO org.springframework.boot.test.context.SpringBootTestContextBootstrapper -- Found @SpringBootConfiguration com.example.incidentintake.IncidentIntakeService for test class com.example.incidentintake.AuditHistoryTest

  .   ____          _            __ _ _
 /\\ / ___'_ __ _ _(_)_ __  __ _ \ \ \ \
( ( )\___ | '_ | '_| | '_ \/ _` | \ \ \ \
 \\/  ___)| |_)| | | | | || (_| |  ) ) ) )
  '  |____| .__|_| |_|_| |_\__, | / / / /
 =========|_|==============|___/=/_/_/_/

 :: Spring Boot ::                (v3.5.0)

{"timestamp":"2026-07-01T17:27:23.7485748+05:30","@version":"1","message":"HV000001: Hibernate Validator 8.0.2.Final","logger":"org.hibernate.validator.internal.util.Version","thread":"background-preinit","level":"INFO","level_value":20000,"appName":"incident-intake","app":"incident-intake"}
{"timestamp":"2026-07-01T17:27:23.8028204+05:30","@version":"1","message":"Starting AuditHistoryTest using Java 21.0.3 with PID 14728 (started by kittu in C:\\Users\\kittu\\Desktop\\Claude)","logger":"com.example.incidentintake.AuditHistoryTest","thread":"main","level":"INFO","level_value":20000,"appName":"incident-intake","app":"incident-intake"}
{"timestamp":"2026-07-01T17:27:23.8048162+05:30","@version":"1","message":"Running with Spring Boot v3.5.0, Spring v6.2.7","logger":"com.example.incidentintake.AuditHistoryTest","thread":"main","level":"DEBUG","level_value":10000,"appName":"incident-intake","app":"incident-intake"}
{"timestamp":"2026-07-01T17:27:23.8058111+05:30","@version":"1","message":"No active profile set, falling back to 1 default profile: \"default\"","logger":"com.example.incidentintake.AuditHistoryTest","thread":"main","level":"INFO","level_value":20000,"appName":"incident-intake","app":"incident-intake"}
{"timestamp":"2026-07-01T17:27:24.8611389+05:30","@version":"1","message":"Bootstrapping Spring Data JPA repositories in DEFAULT mode.","logger":"org.springframework.data.repository.config.RepositoryConfigurationDelegate","thread":"main","level":"INFO","level_value":20000,"appName":"incident-intake","app":"incident-intake"}
{"timestamp":"2026-07-01T17:27:25.0328916+05:30","@version":"1","message":"Finished Spring Data repository scanning in 159 ms. Found 2 JPA repository interfaces.","logger":"org.springframework.data.repository.config.RepositoryConfigurationDelegate","thread":"main","level":"INFO","level_value":20000,"appName":"incident-intake","app":"incident-intake"}
{"timestamp":"2026-07-01T17:27:25.590389+05:30","@version":"1","message":"HHH000204: Processing PersistenceUnitInfo [name: default]","logger":"org.hibernate.jpa.internal.util.LogHelper","thread":"main","level":"INFO","level_value":20000,"appName":"incident-intake","app":"incident-intake"}
{"timestamp":"2026-07-01T17:27:25.668481+05:30","@version":"1","message":"HHH000412: Hibernate ORM core version 6.6.15.Final","logger":"org.hibernate.Version","thread":"main","level":"INFO","level_value":20000,"appName":"incident-intake","app":"incident-intake"}
{"timestamp":"2026-07-01T17:27:25.7196415+05:30","@version":"1","message":"HHH000026: Second-level cache disabled","logger":"org.hibernate.cache.internal.RegionFactoryInitiator","thread":"main","level":"INFO","level_value":20000,"appName":"incident-intake","app":"incident-intake"}
{"timestamp":"2026-07-01T17:27:26.0731511+05:30","@version":"1","message":"No LoadTimeWeaver setup: ignoring JPA class transformer","logger":"org.springframework.orm.jpa.persistenceunit.SpringPersistenceUnitInfo","thread":"main","level":"INFO","level_value":20000,"appName":"incident-intake","app":"incident-intake"}
{"timestamp":"2026-07-01T17:27:26.1129082+05:30","@version":"1","message":"HikariPool-1 - Starting...","logger":"com.zaxxer.hikari.HikariDataSource","thread":"main","level":"INFO","level_value":20000,"appName":"incident-intake","app":"incident-intake"}
{"timestamp":"2026-07-01T17:27:26.3230264+05:30","@version":"1","message":"HikariPool-1 - Added connection conn0: url=jdbc:h2:mem:incidentdb user=SA","logger":"com.zaxxer.hikari.pool.HikariPool","thread":"main","level":"INFO","level_value":20000,"appName":"incident-intake","app":"incident-intake"}
{"timestamp":"2026-07-01T17:27:26.3240229+05:30","@version":"1","message":"HikariPool-1 - Start completed.","logger":"com.zaxxer.hikari.HikariDataSource","thread":"main","level":"INFO","level_value":20000,"appName":"incident-intake","app":"incident-intake"}
{"timestamp":"2026-07-01T17:27:26.3503819+05:30","@version":"1","message":"HHH90000025: H2Dialect does not need to be specified explicitly using 'hibernate.dialect' (remove the property setting and it will be selected by default)","logger":"org.hibernate.orm.deprecation","thread":"main","level":"WARN","level_value":30000,"appName":"incident-intake","app":"incident-intake"}
{"timestamp":"2026-07-01T17:27:26.3716546+05:30","@version":"1","message":"HHH10001005: Database info:\n\tDatabase JDBC URL [Connecting through datasource 'HikariDataSource (HikariPool-1)']\n\tDatabase driver: undefined/unknown\n\tDatabase version: 2.3.232\n\tAutocommit mode: undefined/unknown\n\tIsolation level: undefined/unknown\n\tMinimum pool size: undefined/unknown\n\tMaximum pool size: undefined/unknown","logger":"org.hibernate.orm.connections.pooling","thread":"main","level":"INFO","level_value":20000,"appName":"incident-intake","app":"incident-intake"}
{"timestamp":"2026-07-01T17:27:27.1788096+05:30","@version":"1","message":"HHH000489: No JTA platform available (set 'hibernate.transaction.jta.platform' to enable JTA platform integration)","logger":"org.hibernate.engine.transaction.jta.platform.internal.JtaPlatformInitiator","thread":"main","level":"INFO","level_value":20000,"appName":"incident-intake","app":"incident-intake"}
{"timestamp":"2026-07-01T17:27:27.2128596+05:30","@version":"1","message":"Initialized JPA EntityManagerFactory for persistence unit 'default'","logger":"org.springframework.orm.jpa.LocalContainerEntityManagerFactoryBean","thread":"main","level":"INFO","level_value":20000,"appName":"incident-intake","app":"incident-intake"}
{"timestamp":"2026-07-01T17:27:27.8547228+05:30","@version":"1","message":"spring.jpa.open-in-view is enabled by default. Therefore, database queries may be performed during view rendering. Explicitly configure spring.jpa.open-in-view to disable this warning","logger":"org.springframework.boot.autoconfigure.orm.jpa.JpaBaseConfiguration$JpaWebConfiguration","thread":"main","level":"WARN","level_value":30000,"appName":"incident-intake","app":"incident-intake"}
{"timestamp":"2026-07-01T17:27:28.2084957+05:30","@version":"1","message":"Enable tools capabilities, notification: true","logger":"org.springframework.ai.mcp.server.autoconfigure.McpServerAutoConfiguration","thread":"main","level":"INFO","level_value":20000,"appName":"incident-intake","app":"incident-intake"}
{"timestamp":"2026-07-01T17:27:28.2638773+05:30","@version":"1","message":"Registered tools: 5","logger":"org.springframework.ai.mcp.server.autoconfigure.McpServerAutoConfiguration","thread":"main","level":"INFO","level_value":20000,"appName":"incident-intake","app":"incident-intake"}
{"timestamp":"2026-07-01T17:27:28.2638773+05:30","@version":"1","message":"Enable resources capabilities, notification: true","logger":"org.springframework.ai.mcp.server.autoconfigure.McpServerAutoConfiguration","thread":"main","level":"INFO","level_value":20000,"appName":"incident-intake","app":"incident-intake"}
{"timestamp":"2026-07-01T17:27:28.2648649+05:30","@version":"1","message":"Enable prompts capabilities, notification: true","logger":"org.springframework.ai.mcp.server.autoconfigure.McpServerAutoConfiguration","thread":"main","level":"INFO","level_value":20000,"appName":"incident-intake","app":"incident-intake"}
{"timestamp":"2026-07-01T17:27:28.2658622+05:30","@version":"1","message":"Enable completions capabilities","logger":"org.springframework.ai.mcp.server.autoconfigure.McpServerAutoConfiguration","thread":"main","level":"INFO","level_value":20000,"appName":"incident-intake","app":"incident-intake"}
{"timestamp":"2026-07-01T17:27:28.5575256+05:30","@version":"1","message":"H2 console available at '/h2-console'. Database available at 'jdbc:h2:mem:incidentdb'","logger":"org.springframework.boot.autoconfigure.h2.H2ConsoleAutoConfiguration","thread":"main","level":"INFO","level_value":20000,"appName":"incident-intake","app":"incident-intake"}
{"timestamp":"2026-07-01T17:27:28.6194325+05:30","@version":"1","message":"Initializing Spring TestDispatcherServlet ''","logger":"org.springframework.boot.test.mock.web.SpringBootMockServletContext","thread":"main","level":"INFO","level_value":20000,"appName":"incident-intake","app":"incident-intake"}
{"timestamp":"2026-07-01T17:27:28.6194325+05:30","@version":"1","message":"Initializing Servlet ''","logger":"org.springframework.test.web.servlet.TestDispatcherServlet","thread":"main","level":"INFO","level_value":20000,"appName":"incident-intake","app":"incident-intake"}
{"timestamp":"2026-07-01T17:27:28.6266374+05:30","@version":"1","message":"Exposing 3 endpoints beneath base path '/actuator'","logger":"org.springframework.boot.actuate.endpoint.web.EndpointLinksResolver","thread":"main","level":"INFO","level_value":20000,"appName":"incident-intake","app":"incident-intake"}
{"timestamp":"2026-07-01T17:27:28.6405918+05:30","@version":"1","message":"Completed initialization in 20 ms","logger":"org.springframework.test.web.servlet.TestDispatcherServlet","thread":"main","level":"INFO","level_value":20000,"appName":"incident-intake","app":"incident-intake"}
{"timestamp":"2026-07-01T17:27:28.7087946+05:30","@version":"1","message":"Started AuditHistoryTest in 5.468 seconds (process running for 6.517)","logger":"com.example.incidentintake.AuditHistoryTest","thread":"main","level":"INFO","level_value":20000,"appName":"incident-intake","app":"incident-intake"}
{"timestamp":"2026-07-01T17:27:30.8723354+05:30","@version":"1","message":"event=INCIDENT_CREATED id=4b46cd62-0d67-43b8-ac5c-66a316163a07 severity=LOW title=\"Audit Test\" reportedBy=dev","logger":"com.example.incidentintake.incident.application.IncidentService","thread":"main","level":"INFO","level_value":20000,"appName":"incident-intake","incidentId":"4b46cd62-0d67-43b8-ac5c-66a316163a07","requestId":"5dc71d2f-22ea-4d8d-9424-7b8d3565cf8b","app":"incident-intake"}
{"timestamp":"2026-07-01T17:27:30.9268562+05:30","@version":"1","message":"method=POST path=/incidents status=201 durationMs=136 requestId=5dc71d2f-22ea-4d8d-9424-7b8d3565cf8b","logger":"com.example.incidentintake.common.logging.RequestLoggingFilter","thread":"main","level":"INFO","level_value":20000,"appName":"incident-intake","requestId":"5dc71d2f-22ea-4d8d-9424-7b8d3565cf8b","app":"incident-intake"}
{"timestamp":"2026-07-01T17:27:30.9505569+05:30","@version":"1","message":"event=INCIDENT_STATUS_CHANGED id=4b46cd62-0d67-43b8-ac5c-66a316163a07 from=OPEN to=IN_PROGRESS changedBy=dev","logger":"com.example.incidentintake.incident.application.IncidentService","thread":"main","level":"INFO","level_value":20000,"appName":"incident-intake","incidentId":"4b46cd62-0d67-43b8-ac5c-66a316163a07","requestId":"c34d8d95-f5a6-4743-a567-6221390c0a6f","app":"incident-intake"}
{"timestamp":"2026-07-01T17:27:30.960104+05:30","@version":"1","message":"method=PATCH path=/incidents/4b46cd62-0d67-43b8-ac5c-66a316163a07/status status=200 durationMs=30 requestId=c34d8d95-f5a6-4743-a567-6221390c0a6f","logger":"com.example.incidentintake.common.logging.RequestLoggingFilter","thread":"main","level":"INFO","level_value":20000,"appName":"incident-intake","requestId":"c34d8d95-f5a6-4743-a567-6221390c0a6f","app":"incident-intake"}
{"timestamp":"2026-07-01T17:27:30.9673796+05:30","@version":"1","message":"event=INCIDENT_STATUS_CHANGED id=4b46cd62-0d67-43b8-ac5c-66a316163a07 from=IN_PROGRESS to=RESOLVED changedBy=dev","logger":"com.example.incidentintake.incident.application.IncidentService","thread":"main","level":"INFO","level_value":20000,"appName":"incident-intake","incidentId":"4b46cd62-0d67-43b8-ac5c-66a316163a07","requestId":"df9582e4-f742-44a8-b7e1-712140ab06e8","app":"incident-intake"}
{"timestamp":"2026-07-01T17:27:30.9703749+05:30","@version":"1","message":"method=PATCH path=/incidents/4b46cd62-0d67-43b8-ac5c-66a316163a07/status status=200 durationMs=6 requestId=df9582e4-f742-44a8-b7e1-712140ab06e8","logger":"com.example.incidentintake.common.logging.RequestLoggingFilter","thread":"main","level":"INFO","level_value":20000,"appName":"incident-intake","requestId":"df9582e4-f742-44a8-b7e1-712140ab06e8","app":"incident-intake"}
{"timestamp":"2026-07-01T17:27:30.9990195+05:30","@version":"1","message":"method=GET path=/incidents/4b46cd62-0d67-43b8-ac5c-66a316163a07/history status=200 durationMs=27 requestId=3c66d356-c03e-4853-984d-87b1fb642fbe","logger":"com.example.incidentintake.common.logging.RequestLoggingFilter","thread":"main","level":"INFO","level_value":20000,"appName":"incident-intake","requestId":"3c66d356-c03e-4853-984d-87b1fb642fbe","app":"incident-intake"}
]]></system-out>
    <system-err><![CDATA[Mockito is currently self-attaching to enable the inline-mock-maker. This will no longer work in future releases of the JDK. Please add Mockito as an agent to your build as described in Mockito's documentation: https://javadoc.io/doc/org.mockito/mockito-core/latest/org.mockito/org/mockito/Mockito.html#0.3
WARNING: A Java agent has been loaded dynamically (C:\Users\kittu\.m2\repository\net\bytebuddy\byte-buddy-agent\1.17.5\byte-buddy-agent-1.17.5.jar)
WARNING: If a serviceability tool is in use, please run with -XX:+EnableDynamicAgentLoading to hide this warning
WARNING: If a serviceability tool is not in use, please run with -Djdk.instrument.traceUsage for more information
WARNING: Dynamic loading of agents will be disallowed by default in a future release
]]></system-err>
  </testcase>
  <testcase name="historyIsOrderedByChangedAtAsc" classname="com.example.incidentintake.AuditHistoryTest" time="0.038">
    <system-out><![CDATA[{"timestamp":"2026-07-01T17:27:31.0600779+05:30","@version":"1","message":"event=INCIDENT_CREATED id=9ee93a78-5dbc-45cc-8014-e85de91671b1 severity=HIGH title=\"Order Test\" reportedBy=ops","logger":"com.example.incidentintake.incident.application.IncidentService","thread":"main","level":"INFO","level_value":20000,"appName":"incident-intake","incidentId":"9ee93a78-5dbc-45cc-8014-e85de91671b1","requestId":"aa521f9c-0277-41ac-bcad-4e476e1d648f","app":"incident-intake"}
{"timestamp":"2026-07-01T17:27:31.0620714+05:30","@version":"1","message":"method=POST path=/incidents status=201 durationMs=3 requestId=aa521f9c-0277-41ac-bcad-4e476e1d648f","logger":"com.example.incidentintake.common.logging.RequestLoggingFilter","thread":"main","level":"INFO","level_value":20000,"appName":"incident-intake","requestId":"aa521f9c-0277-41ac-bcad-4e476e1d648f","app":"incident-intake"}
{"timestamp":"2026-07-01T17:27:31.0650612+05:30","@version":"1","message":"event=INCIDENT_STATUS_CHANGED id=9ee93a78-5dbc-45cc-8014-e85de91671b1 from=OPEN to=IN_PROGRESS changedBy=ops","logger":"com.example.incidentintake.incident.application.IncidentService","thread":"main","level":"INFO","level_value":20000,"appName":"incident-intake","incidentId":"9ee93a78-5dbc-45cc-8014-e85de91671b1","requestId":"01c336e1-f08b-4cc3-8d9c-48d71be152c7","app":"incident-intake"}
{"timestamp":"2026-07-01T17:27:31.0682491+05:30","@version":"1","message":"method=PATCH path=/incidents/9ee93a78-5dbc-45cc-8014-e85de91671b1/status status=200 durationMs=5 requestId=01c336e1-f08b-4cc3-8d9c-48d71be152c7","logger":"com.example.incidentintake.common.logging.RequestLoggingFilter","thread":"main","level":"INFO","level_value":20000,"appName":"incident-intake","requestId":"01c336e1-f08b-4cc3-8d9c-48d71be152c7","app":"incident-intake"}
{"timestamp":"2026-07-01T17:27:31.0713235+05:30","@version":"1","message":"event=INCIDENT_STATUS_CHANGED id=9ee93a78-5dbc-45cc-8014-e85de91671b1 from=IN_PROGRESS to=RESOLVED changedBy=ops","logger":"com.example.incidentintake.incident.application.IncidentService","thread":"main","level":"INFO","level_value":20000,"appName":"incident-intake","incidentId":"9ee93a78-5dbc-45cc-8014-e85de91671b1","requestId":"5c0f8305-d5bf-4f73-bf93-9a17b892b412","app":"incident-intake"}
{"timestamp":"2026-07-01T17:27:31.0733928+05:30","@version":"1","message":"method=PATCH path=/incidents/9ee93a78-5dbc-45cc-8014-e85de91671b1/status status=200 durationMs=4 requestId=5c0f8305-d5bf-4f73-bf93-9a17b892b412","logger":"com.example.incidentintake.common.logging.RequestLoggingFilter","thread":"main","level":"INFO","level_value":20000,"appName":"incident-intake","requestId":"5c0f8305-d5bf-4f73-bf93-9a17b892b412","app":"incident-intake"}
{"timestamp":"2026-07-01T17:27:31.0763826+05:30","@version":"1","message":"event=INCIDENT_STATUS_CHANGED id=9ee93a78-5dbc-45cc-8014-e85de91671b1 from=RESOLVED to=CLOSED changedBy=ops","logger":"com.example.incidentintake.incident.application.IncidentService","thread":"main","level":"INFO","level_value":20000,"appName":"incident-intake","incidentId":"9ee93a78-5dbc-45cc-8014-e85de91671b1","requestId":"837f36f4-815d-4ba7-85e5-4109d2b5c223","app":"incident-intake"}
{"timestamp":"2026-07-01T17:27:31.0773791+05:30","@version":"1","message":"method=PATCH path=/incidents/9ee93a78-5dbc-45cc-8014-e85de91671b1/status status=200 durationMs=3 requestId=837f36f4-815d-4ba7-85e5-4109d2b5c223","logger":"com.example.incidentintake.common.logging.RequestLoggingFilter","thread":"main","level":"INFO","level_value":20000,"appName":"incident-intake","requestId":"837f36f4-815d-4ba7-85e5-4109d2b5c223","app":"incident-intake"}
{"timestamp":"2026-07-01T17:27:31.0813661+05:30","@version":"1","message":"method=GET path=/incidents/9ee93a78-5dbc-45cc-8014-e85de91671b1/history status=200 durationMs=3 requestId=1eb9faa1-015b-4316-837c-9c33cf431b59","logger":"com.example.incidentintake.common.logging.RequestLoggingFilter","thread":"main","level":"INFO","level_value":20000,"appName":"incident-intake","requestId":"1eb9faa1-015b-4316-837c-9c33cf431b59","app":"incident-intake"}
]]></system-out>
  </testcase>
</testsuite>