<?xml version="1.0" encoding="UTF-8"?>
<testsuite xmlns:xsi="http://www.w3.org/2001/XMLSchema-instance" xsi:noNamespaceSchemaLocation="https://maven.apache.org/surefire/maven-surefire-plugin/xsd/surefire-test-report.xsd" version="3.0.2" name="com.example.incidentintake.StatusTransitionTest" time="0.385" tests="6" errors="0" skipped="0" failures="0">
  <properties>
[...]
</properties>
  <testcase name="invalidTransition_fromOpen_returns422(String)[1]" classname="com.example.incidentintake.StatusTransitionTest" time="0.079">
    <system-out><![CDATA[{"timestamp":"2026-07-01T17:27:31.6555413+05:30","@version":"1","message":"Could not detect default configuration classes for test class [com.example.incidentintake.StatusTransitionTest]: StatusTransitionTest does not declare any static, non-private, non-final, nested classes annotated with @Configuration.","logger":"org.springframework.test.context.support.AnnotationConfigContextLoaderUtils","thread":"main","level":"INFO","level_value":20000,"appName":"incident-intake","app":"incident-intake"}
{"timestamp":"2026-07-01T17:27:31.6675547+05:30","@version":"1","message":"Found @SpringBootConfiguration com.example.incidentintake.IncidentIntakeService for test class com.example.incidentintake.StatusTransitionTest","logger":"org.springframework.boot.test.context.SpringBootTestContextBootstrapper","thread":"main","level":"INFO","level_value":20000,"appName":"incident-intake","app":"incident-intake"}
{"timestamp":"2026-07-01T17:27:31.8124464+05:30","@version":"1","message":"event=INCIDENT_CREATED id=51d3b887-6bf5-4ea0-8e4c-a913d1ff147d severity=MEDIUM title=\"Test\" reportedBy=tester","logger":"com.example.incidentintake.incident.application.IncidentService","thread":"main","level":"INFO","level_value":20000,"appName":"incident-intake","incidentId":"51d3b887-6bf5-4ea0-8e4c-a913d1ff147d","requestId":"c5d4b15c-da14-4eae-9b1f-2ecc4268ad59","app":"incident-intake"}
{"timestamp":"2026-07-01T17:27:31.8153239+05:30","@version":"1","message":"method=POST path=/incidents status=201 durationMs=6 requestId=c5d4b15c-da14-4eae-9b1f-2ecc4268ad59","logger":"com.example.incidentintake.common.logging.RequestLoggingFilter","thread":"main","level":"INFO","level_value":20000,"appName":"incident-intake","requestId":"c5d4b15c-da14-4eae-9b1f-2ecc4268ad59","app":"incident-intake"}
{"timestamp":"2026-07-01T17:27:31.8288474+05:30","@version":"1","message":"method=PATCH path=/incidents/51d3b887-6bf5-4ea0-8e4c-a913d1ff147d/status status=422 durationMs=6 requestId=2c603e9b-162d-4936-b840-ff336646b673","logger":"com.example.incidentintake.common.logging.RequestLoggingFilter","thread":"main","level":"INFO","level_value":20000,"appName":"incident-intake","requestId":"2c603e9b-162d-4936-b840-ff336646b673","app":"incident-intake"}
]]></system-out>
  </testcase>
  <testcase name="invalidTransition_fromOpen_returns422(String)[2]" classname="com.example.incidentintake.StatusTransitionTest" time="0.021">
    <system-out><![CDATA[{"timestamp":"2026-07-01T17:27:31.8531739+05:30","@version":"1","message":"event=INCIDENT_CREATED id=00794b5b-4cb2-4127-98fa-d819e4992ef9 severity=MEDIUM title=\"Test\" reportedBy=tester","logger":"com.example.incidentintake.incident.application.IncidentService","thread":"main","level":"INFO","level_value":20000,"appName":"incident-intake","incidentId":"00794b5b-4cb2-4127-98fa-d819e4992ef9","requestId":"869859c1-90d6-4c3d-af89-4f68d7f52446","app":"incident-intake"}
{"timestamp":"2026-07-01T17:27:31.8541704+05:30","@version":"1","message":"method=POST path=/incidents status=201 durationMs=4 requestId=869859c1-90d6-4c3d-af89-4f68d7f52446","logger":"com.example.incidentintake.common.logging.RequestLoggingFilter","thread":"main","level":"INFO","level_value":20000,"appName":"incident-intake","requestId":"869859c1-90d6-4c3d-af89-4f68d7f52446","app":"incident-intake"}
{"timestamp":"2026-07-01T17:27:31.8591537+05:30","@version":"1","message":"method=PATCH path=/incidents/00794b5b-4cb2-4127-98fa-d819e4992ef9/status status=422 durationMs=3 requestId=3b12d37f-18bf-488f-8f94-092bae500580","logger":"com.example.incidentintake.common.logging.RequestLoggingFilter","thread":"main","level":"INFO","level_value":20000,"appName":"incident-intake","requestId":"3b12d37f-18bf-488f-8f94-092bae500580","app":"incident-intake"}
]]></system-out>
  </testcase>
  <testcase name="validTransition_openToInProgress" classname="com.example.incidentintake.StatusTransitionTest" time="0.037">
    <system-out><![CDATA[{"timestamp":"2026-07-01T17:27:31.8784249+05:30","@version":"1","message":"event=INCIDENT_CREATED id=69c416f4-f923-4727-b281-3f78aed0c12b severity=MEDIUM title=\"Test\" reportedBy=tester","logger":"com.example.incidentintake.incident.application.IncidentService","thread":"main","level":"INFO","level_value":20000,"appName":"incident-intake","incidentId":"69c416f4-f923-4727-b281-3f78aed0c12b","requestId":"4574e10a-ded3-4529-a2cb-abc3a7a7b8d1","app":"incident-intake"}
{"timestamp":"2026-07-01T17:27:31.8839089+05:30","@version":"1","message":"method=POST path=/incidents status=201 durationMs=7 requestId=4574e10a-ded3-4529-a2cb-abc3a7a7b8d1","logger":"com.example.incidentintake.common.logging.RequestLoggingFilter","thread":"main","level":"INFO","level_value":20000,"appName":"incident-intake","requestId":"4574e10a-ded3-4529-a2cb-abc3a7a7b8d1","app":"incident-intake"}
{"timestamp":"2026-07-01T17:27:31.8905978+05:30","@version":"1","message":"event=INCIDENT_STATUS_CHANGED id=69c416f4-f923-4727-b281-3f78aed0c12b from=OPEN to=IN_PROGRESS changedBy=ops","logger":"com.example.incidentintake.incident.application.IncidentService","thread":"main","level":"INFO","level_value":20000,"appName":"incident-intake","incidentId":"69c416f4-f923-4727-b281-3f78aed0c12b","requestId":"f45338e8-7edb-4d08-966b-42060d01ef9e","app":"incident-intake"}
{"timestamp":"2026-07-01T17:27:31.8941516+05:30","@version":"1","message":"method=PATCH path=/incidents/69c416f4-f923-4727-b281-3f78aed0c12b/status status=200 durationMs=8 requestId=f45338e8-7edb-4d08-966b-42060d01ef9e","logger":"com.example.incidentintake.common.logging.RequestLoggingFilter","thread":"main","level":"INFO","level_value":20000,"appName":"incident-intake","requestId":"f45338e8-7edb-4d08-966b-42060d01ef9e","app":"incident-intake"}
]]></system-out>
  </testcase>
  <testcase name="validTransition_inProgressToResolved" classname="com.example.incidentintake.StatusTransitionTest" time="0.036">
    <system-out><![CDATA[{"timestamp":"2026-07-01T17:27:31.9133122+05:30","@version":"1","message":"event=INCIDENT_CREATED id=ab8654b2-4123-43e0-94ca-75d5d6eabdd8 severity=MEDIUM title=\"Test\" reportedBy=tester","logger":"com.example.incidentintake.incident.application.IncidentService","thread":"main","level":"INFO","level_value":20000,"appName":"incident-intake","incidentId":"ab8654b2-4123-43e0-94ca-75d5d6eabdd8","requestId":"9519a4f1-8aa5-4e9d-864f-56be0da683dd","app":"incident-intake"}
{"timestamp":"2026-07-01T17:27:31.9171838+05:30","@version":"1","message":"method=POST path=/incidents status=201 durationMs=6 requestId=9519a4f1-8aa5-4e9d-864f-56be0da683dd","logger":"com.example.incidentintake.common.logging.RequestLoggingFilter","thread":"main","level":"INFO","level_value":20000,"appName":"incident-intake","requestId":"9519a4f1-8aa5-4e9d-864f-56be0da683dd","app":"incident-intake"}
{"timestamp":"2026-07-01T17:27:31.9221749+05:30","@version":"1","message":"event=INCIDENT_STATUS_CHANGED id=ab8654b2-4123-43e0-94ca-75d5d6eabdd8 from=OPEN to=IN_PROGRESS changedBy=ops","logger":"com.example.incidentintake.incident.application.IncidentService","thread":"main","level":"INFO","level_value":20000,"appName":"incident-intake","incidentId":"ab8654b2-4123-43e0-94ca-75d5d6eabdd8","requestId":"79321a42-a98b-49ef-8dc0-66b6d1b877dd","app":"incident-intake"}
{"timestamp":"2026-07-01T17:27:31.925265+05:30","@version":"1","message":"method=PATCH path=/incidents/ab8654b2-4123-43e0-94ca-75d5d6eabdd8/status status=200 durationMs=6 requestId=79321a42-a98b-49ef-8dc0-66b6d1b877dd","logger":"com.example.incidentintake.common.logging.RequestLoggingFilter","thread":"main","level":"INFO","level_value":20000,"appName":"incident-intake","requestId":"79321a42-a98b-49ef-8dc0-66b6d1b877dd","app":"incident-intake"}
{"timestamp":"2026-07-01T17:27:31.9302483+05:30","@version":"1","message":"event=INCIDENT_STATUS_CHANGED id=ab8654b2-4123-43e0-94ca-75d5d6eabdd8 from=IN_PROGRESS to=RESOLVED changedBy=ops","logger":"com.example.incidentintake.incident.application.IncidentService","thread":"main","level":"INFO","level_value":20000,"appName":"incident-intake","incidentId":"ab8654b2-4123-43e0-94ca-75d5d6eabdd8","requestId":"5a0c8ff0-464b-4d5b-ba7b-a8b42d02bc47","app":"incident-intake"}
{"timestamp":"2026-07-01T17:27:31.9353104+05:30","@version":"1","message":"method=PATCH path=/incidents/ab8654b2-4123-43e0-94ca-75d5d6eabdd8/status status=200 durationMs=8 requestId=5a0c8ff0-464b-4d5b-ba7b-a8b42d02bc47","logger":"com.example.incidentintake.common.logging.RequestLoggingFilter","thread":"main","level":"INFO","level_value":20000,"appName":"incident-intake","requestId":"5a0c8ff0-464b-4d5b-ba7b-a8b42d02bc47","app":"incident-intake"}
]]></system-out>
  </testcase>
  <testcase name="invalidTransition_fromClosed_returns422" classname="com.example.incidentintake.StatusTransitionTest" time="0.05">
    <system-out><![CDATA[{"timestamp":"2026-07-01T17:27:31.952634+05:30","@version":"1","message":"event=INCIDENT_CREATED id=c98c4675-fd7d-42d1-9d14-30b265643514 severity=MEDIUM title=\"Test\" reportedBy=tester","logger":"com.example.incidentintake.incident.application.IncidentService","thread":"main","level":"INFO","level_value":20000,"appName":"incident-intake","incidentId":"c98c4675-fd7d-42d1-9d14-30b265643514","requestId":"b23861c1-a879-46d5-b028-6a38d523ee76","app":"incident-intake"}
{"timestamp":"2026-07-01T17:27:31.9546271+05:30","@version":"1","message":"method=POST path=/incidents status=201 durationMs=7 requestId=b23861c1-a879-46d5-b028-6a38d523ee76","logger":"com.example.incidentintake.common.logging.RequestLoggingFilter","thread":"main","level":"INFO","level_value":20000,"appName":"incident-intake","requestId":"b23861c1-a879-46d5-b028-6a38d523ee76","app":"incident-intake"}
{"timestamp":"2026-07-01T17:27:31.9586145+05:30","@version":"1","message":"event=INCIDENT_STATUS_CHANGED id=c98c4675-fd7d-42d1-9d14-30b265643514 from=OPEN to=IN_PROGRESS changedBy=ops","logger":"com.example.incidentintake.incident.application.IncidentService","thread":"main","level":"INFO","level_value":20000,"appName":"incident-intake","incidentId":"c98c4675-fd7d-42d1-9d14-30b265643514","requestId":"0dd84a16-05fc-4aed-a1fd-6fd932021488","app":"incident-intake"}
{"timestamp":"2026-07-01T17:27:31.9616036+05:30","@version":"1","message":"method=PATCH path=/incidents/c98c4675-fd7d-42d1-9d14-30b265643514/status status=200 durationMs=6 requestId=0dd84a16-05fc-4aed-a1fd-6fd932021488","logger":"com.example.incidentintake.common.logging.RequestLoggingFilter","thread":"main","level":"INFO","level_value":20000,"appName":"incident-intake","requestId":"0dd84a16-05fc-4aed-a1fd-6fd932021488","app":"incident-intake"}
{"timestamp":"2026-07-01T17:27:31.967835+05:30","@version":"1","message":"event=INCIDENT_STATUS_CHANGED id=c98c4675-fd7d-42d1-9d14-30b265643514 from=IN_PROGRESS to=RESOLVED changedBy=ops","logger":"com.example.incidentintake.incident.application.IncidentService","thread":"main","level":"INFO","level_value":20000,"appName":"incident-intake","incidentId":"c98c4675-fd7d-42d1-9d14-30b265643514","requestId":"e840e6d0-5d3d-4e22-8bf0-ce300ec0070f","app":"incident-intake"}
{"timestamp":"2026-07-01T17:27:31.9714043+05:30","@version":"1","message":"method=PATCH path=/incidents/c98c4675-fd7d-42d1-9d14-30b265643514/status status=200 durationMs=9 requestId=e840e6d0-5d3d-4e22-8bf0-ce300ec0070f","logger":"com.example.incidentintake.common.logging.RequestLoggingFilter","thread":"main","level":"INFO","level_value":20000,"appName":"incident-intake","requestId":"e840e6d0-5d3d-4e22-8bf0-ce300ec0070f","app":"incident-intake"}
{"timestamp":"2026-07-01T17:27:31.9759751+05:30","@version":"1","message":"event=INCIDENT_STATUS_CHANGED id=c98c4675-fd7d-42d1-9d14-30b265643514 from=RESOLVED to=CLOSED changedBy=ops","logger":"com.example.incidentintake.incident.application.IncidentService","thread":"main","level":"INFO","level_value":20000,"appName":"incident-intake","incidentId":"c98c4675-fd7d-42d1-9d14-30b265643514","requestId":"58352e01-b49c-44a7-8a79-6f7121f88eca","app":"incident-intake"}
{"timestamp":"2026-07-01T17:27:31.9789642+05:30","@version":"1","message":"method=PATCH path=/incidents/c98c4675-fd7d-42d1-9d14-30b265643514/status status=200 durationMs=6 requestId=58352e01-b49c-44a7-8a79-6f7121f88eca","logger":"com.example.incidentintake.common.logging.RequestLoggingFilter","thread":"main","level":"INFO","level_value":20000,"appName":"incident-intake","requestId":"58352e01-b49c-44a7-8a79-6f7121f88eca","app":"incident-intake"}
{"timestamp":"2026-07-01T17:27:31.9868851+05:30","@version":"1","message":"method=PATCH path=/incidents/c98c4675-fd7d-42d1-9d14-30b265643514/status status=422 durationMs=7 requestId=73be48b9-38c3-4a2f-b09a-941c1dfbce4e","logger":"com.example.incidentintake.common.logging.RequestLoggingFilter","thread":"main","level":"INFO","level_value":20000,"appName":"incident-intake","requestId":"73be48b9-38c3-4a2f-b09a-941c1dfbce4e","app":"incident-intake"}
]]></system-out>
  </testcase>
  <testcase name="validTransition_resolvedToClosed" classname="com.example.incidentintake.StatusTransitionTest" time="0.046">
    <system-out><![CDATA[{"timestamp":"2026-07-01T17:27:32.0031569+05:30","@version":"1","message":"event=INCIDENT_CREATED id=bd55f88f-4da5-4b82-85a7-5d348dc1365c severity=MEDIUM title=\"Test\" reportedBy=tester","logger":"com.example.incidentintake.incident.application.IncidentService","thread":"main","level":"INFO","level_value":20000,"appName":"incident-intake","incidentId":"bd55f88f-4da5-4b82-85a7-5d348dc1365c","requestId":"7ff1da39-ec08-4ab7-8f4e-60151438e5ee","app":"incident-intake"}
{"timestamp":"2026-07-01T17:27:32.0061522+05:30","@version":"1","message":"method=POST path=/incidents status=201 durationMs=5 requestId=7ff1da39-ec08-4ab7-8f4e-60151438e5ee","logger":"com.example.incidentintake.common.logging.RequestLoggingFilter","thread":"main","level":"INFO","level_value":20000,"appName":"incident-intake","requestId":"7ff1da39-ec08-4ab7-8f4e-60151438e5ee","app":"incident-intake"}
{"timestamp":"2026-07-01T17:27:32.011292+05:30","@version":"1","message":"event=INCIDENT_STATUS_CHANGED id=bd55f88f-4da5-4b82-85a7-5d348dc1365c from=OPEN to=IN_PROGRESS changedBy=ops","logger":"com.example.incidentintake.incident.application.IncidentService","thread":"main","level":"INFO","level_value":20000,"appName":"incident-intake","incidentId":"bd55f88f-4da5-4b82-85a7-5d348dc1365c","requestId":"a5f8ba10-fd0d-4d02-8a3f-338e82c47a56","app":"incident-intake"}
{"timestamp":"2026-07-01T17:27:32.0142888+05:30","@version":"1","message":"method=PATCH path=/incidents/bd55f88f-4da5-4b82-85a7-5d348dc1365c/status status=200 durationMs=7 requestId=a5f8ba10-fd0d-4d02-8a3f-338e82c47a56","logger":"com.example.incidentintake.common.logging.RequestLoggingFilter","thread":"main","level":"INFO","level_value":20000,"appName":"incident-intake","requestId":"a5f8ba10-fd0d-4d02-8a3f-338e82c47a56","app":"incident-intake"}
{"timestamp":"2026-07-01T17:27:32.0221888+05:30","@version":"1","message":"event=INCIDENT_STATUS_CHANGED id=bd55f88f-4da5-4b82-85a7-5d348dc1365c from=IN_PROGRESS to=RESOLVED changedBy=ops","logger":"com.example.incidentintake.incident.application.IncidentService","thread":"main","level":"INFO","level_value":20000,"appName":"incident-intake","incidentId":"bd55f88f-4da5-4b82-85a7-5d348dc1365c","requestId":"6c3144a9-cf3f-47fa-813e-41bfb2cab2df","app":"incident-intake"}
{"timestamp":"2026-07-01T17:27:32.0253982+05:30","@version":"1","message":"method=PATCH path=/incidents/bd55f88f-4da5-4b82-85a7-5d348dc1365c/status status=200 durationMs=6 requestId=6c3144a9-cf3f-47fa-813e-41bfb2cab2df","logger":"com.example.incidentintake.common.logging.RequestLoggingFilter","thread":"main","level":"INFO","level_value":20000,"appName":"incident-intake","requestId":"6c3144a9-cf3f-47fa-813e-41bfb2cab2df","app":"incident-intake"}
{"timestamp":"2026-07-01T17:27:32.0286622+05:30","@version":"1","message":"event=INCIDENT_STATUS_CHANGED id=bd55f88f-4da5-4b82-85a7-5d348dc1365c from=RESOLVED to=CLOSED changedBy=ops","logger":"com.example.incidentintake.incident.application.IncidentService","thread":"main","level":"INFO","level_value":20000,"appName":"incident-intake","incidentId":"bd55f88f-4da5-4b82-85a7-5d348dc1365c","requestId":"ba4c9c1c-5b6a-49a2-88c4-cefd94180cfd","app":"incident-intake"}
{"timestamp":"2026-07-01T17:27:32.0338162+05:30","@version":"1","message":"method=PATCH path=/incidents/bd55f88f-4da5-4b82-85a7-5d348dc1365c/status status=200 durationMs=7 requestId=ba4c9c1c-5b6a-49a2-88c4-cefd94180cfd","logger":"com.example.incidentintake.common.logging.RequestLoggingFilter","thread":"main","level":"INFO","level_value":20000,"appName":"incident-intake","requestId":"ba4c9c1c-5b6a-49a2-88c4-cefd94180cfd","app":"incident-intake"}
]]></system-out>
  </testcase>
</testsuite>