<?xml version="1.0" encoding="UTF-8"?>
<testsuite xmlns:xsi="http://www.w3.org/2001/XMLSchema-instance" xsi:noNamespaceSchemaLocation="https://maven.apache.org/surefire/maven-surefire-plugin/xsd/surefire-test-report.xsd" version="3.0.2" name="com.example.incidentintake.IncidentControllerTest" time="0.179" tests="7" errors="0" skipped="0" failures="0">
  <properties>
[...]
</properties>
  <testcase name="createIncident_missingTitle_returns400" classname="com.example.incidentintake.IncidentControllerTest" time="0.043">
    <system-out><![CDATA[{"timestamp":"2026-07-01T17:27:31.0940058+05:30","@version":"1","message":"Could not detect default configuration classes for test class [com.example.incidentintake.IncidentControllerTest]: IncidentControllerTest does not declare any static, non-private, non-final, nested classes annotated with @Configuration.","logger":"org.springframework.test.context.support.AnnotationConfigContextLoaderUtils","thread":"main","level":"INFO","level_value":20000,"appName":"incident-intake","app":"incident-intake"}
{"timestamp":"2026-07-01T17:27:31.0964236+05:30","@version":"1","message":"Found @SpringBootConfiguration com.example.incidentintake.IncidentIntakeService for test class com.example.incidentintake.IncidentControllerTest","logger":"org.springframework.boot.test.context.SpringBootTestContextBootstrapper","thread":"main","level":"INFO","level_value":20000,"appName":"incident-intake","app":"incident-intake"}
{"timestamp":"2026-07-01T17:27:31.1429664+05:30","@version":"1","message":"method=POST path=/incidents status=400 durationMs=32 requestId=a1dd697a-c0d3-4f54-9105-3793e96b5a12","logger":"com.example.incidentintake.common.logging.RequestLoggingFilter","thread":"main","level":"INFO","level_value":20000,"appName":"incident-intake","requestId":"a1dd697a-c0d3-4f54-9105-3793e96b5a12","app":"incident-intake"}
]]></system-out>
  </testcase>
  <testcase name="listIncidents_filterByReportedBy" classname="com.example.incidentintake.IncidentControllerTest" time="0.028">
    <system-out><![CDATA[{"timestamp":"2026-07-01T17:27:31.1600406+05:30","@version":"1","message":"event=INCIDENT_CREATED id=3bb61937-1ffb-416a-b621-a2c00f79ca34 severity=MEDIUM title=\"D\" reportedBy=charlie","logger":"com.example.incidentintake.incident.application.IncidentService","thread":"main","level":"INFO","level_value":20000,"appName":"incident-intake","incidentId":"3bb61937-1ffb-416a-b621-a2c00f79ca34","requestId":"f0b1cedf-a6bc-44b4-9610-56fd15100b9a","app":"incident-intake"}
{"timestamp":"2026-07-01T17:27:31.1620343+05:30","@version":"1","message":"method=POST path=/incidents status=201 durationMs=4 requestId=f0b1cedf-a6bc-44b4-9610-56fd15100b9a","logger":"com.example.incidentintake.common.logging.RequestLoggingFilter","thread":"main","level":"INFO","level_value":20000,"appName":"incident-intake","requestId":"f0b1cedf-a6bc-44b4-9610-56fd15100b9a","app":"incident-intake"}
{"timestamp":"2026-07-01T17:27:31.1762121+05:30","@version":"1","message":"method=GET path=/incidents status=200 durationMs=13 requestId=a07cdbee-7764-4266-9e90-a7e3cf918247","logger":"com.example.incidentintake.common.logging.RequestLoggingFilter","thread":"main","level":"INFO","level_value":20000,"appName":"incident-intake","requestId":"a07cdbee-7764-4266-9e90-a7e3cf918247","app":"incident-intake"}
]]></system-out>
  </testcase>
  <testcase name="createIncident_returnsCreated" classname="com.example.incidentintake.IncidentControllerTest" time="0.014">
    <system-out><![CDATA[{"timestamp":"2026-07-01T17:27:31.190438+05:30","@version":"1","message":"event=INCIDENT_CREATED id=4bff6c32-383d-43fb-8a04-ba23aec1250c severity=HIGH title=\"Disk full\" reportedBy=alice","logger":"com.example.incidentintake.incident.application.IncidentService","thread":"main","level":"INFO","level_value":20000,"appName":"incident-intake","incidentId":"4bff6c32-383d-43fb-8a04-ba23aec1250c","requestId":"9f5d1ccc-b564-40d1-8cc0-3bad65b0f3cf","app":"incident-intake"}
{"timestamp":"2026-07-01T17:27:31.1924314+05:30","@version":"1","message":"method=POST path=/incidents status=201 durationMs=3 requestId=9f5d1ccc-b564-40d1-8cc0-3bad65b0f3cf","logger":"com.example.incidentintake.common.logging.RequestLoggingFilter","thread":"main","level":"INFO","level_value":20000,"appName":"incident-intake","requestId":"9f5d1ccc-b564-40d1-8cc0-3bad65b0f3cf","app":"incident-intake"}
]]></system-out>
  </testcase>
  <testcase name="createIncident_idempotencyOnExternalRefId_returns200WithSameIncident" classname="com.example.incidentintake.IncidentControllerTest" time="0.024">
    <system-out><![CDATA[{"timestamp":"2026-07-01T17:27:31.2079533+05:30","@version":"1","message":"event=INCIDENT_CREATED id=aac1f278-b93e-45de-b809-9b433e8ed78b severity=CRITICAL title=\"DB down\" reportedBy=bob","logger":"com.example.incidentintake.incident.application.IncidentService","thread":"main","level":"WARN","level_value":30000,"appName":"incident-intake","incidentId":"aac1f278-b93e-45de-b809-9b433e8ed78b","requestId":"fbee74f4-4a4e-4b4f-91b7-916bae44745e","app":"incident-intake"}
{"timestamp":"2026-07-01T17:27:31.2099463+05:30","@version":"1","message":"method=POST path=/incidents status=201 durationMs=6 requestId=fbee74f4-4a4e-4b4f-91b7-916bae44745e","logger":"com.example.incidentintake.common.logging.RequestLoggingFilter","thread":"main","level":"INFO","level_value":20000,"appName":"incident-intake","requestId":"fbee74f4-4a4e-4b4f-91b7-916bae44745e","app":"incident-intake"}
{"timestamp":"2026-07-01T17:27:31.2140462+05:30","@version":"1","message":"event=INCIDENT_IDEMPOTENT_HIT externalReferenceId=EXT-001","logger":"com.example.incidentintake.incident.application.IncidentService","thread":"main","level":"INFO","level_value":20000,"appName":"incident-intake","requestId":"cbf9636f-413e-4cbb-b6f3-158cd95ac4ae","app":"incident-intake"}
{"timestamp":"2026-07-01T17:27:31.2154537+05:30","@version":"1","message":"method=POST path=/incidents status=200 durationMs=5 requestId=cbf9636f-413e-4cbb-b6f3-158cd95ac4ae","logger":"com.example.incidentintake.common.logging.RequestLoggingFilter","thread":"main","level":"INFO","level_value":20000,"appName":"incident-intake","requestId":"cbf9636f-413e-4cbb-b6f3-158cd95ac4ae","app":"incident-intake"}
]]></system-out>
  </testcase>
  <testcase name="listIncidents_filterBySeverity" classname="com.example.incidentintake.IncidentControllerTest" time="0.021">
    <system-out><![CDATA[{"timestamp":"2026-07-01T17:27:31.2280219+05:30","@version":"1","message":"event=INCIDENT_CREATED id=b0949879-42f7-40d7-8660-bf3e9b4bc4e2 severity=LOW title=\"A\" reportedBy=x","logger":"com.example.incidentintake.incident.application.IncidentService","thread":"main","level":"INFO","level_value":20000,"appName":"incident-intake","incidentId":"b0949879-42f7-40d7-8660-bf3e9b4bc4e2","requestId":"211d6b1c-a1f0-4a67-a027-8e363a0f1b1b","app":"incident-intake"}
{"timestamp":"2026-07-01T17:27:31.2290108+05:30","@version":"1","message":"method=POST path=/incidents status=201 durationMs=2 requestId=211d6b1c-a1f0-4a67-a027-8e363a0f1b1b","logger":"com.example.incidentintake.common.logging.RequestLoggingFilter","thread":"main","level":"INFO","level_value":20000,"appName":"incident-intake","requestId":"211d6b1c-a1f0-4a67-a027-8e363a0f1b1b","app":"incident-intake"}
{"timestamp":"2026-07-01T17:27:31.2310041+05:30","@version":"1","message":"event=INCIDENT_CREATED id=eed4c016-e1d8-4cd2-ad0b-494acaa3c172 severity=HIGH title=\"B\" reportedBy=x","logger":"com.example.incidentintake.incident.application.IncidentService","thread":"main","level":"INFO","level_value":20000,"appName":"incident-intake","incidentId":"eed4c016-e1d8-4cd2-ad0b-494acaa3c172","requestId":"9650620f-9786-480a-9133-13d745b252c5","app":"incident-intake"}
{"timestamp":"2026-07-01T17:27:31.2337916+05:30","@version":"1","message":"method=POST path=/incidents status=201 durationMs=3 requestId=9650620f-9786-480a-9133-13d745b252c5","logger":"com.example.incidentintake.common.logging.RequestLoggingFilter","thread":"main","level":"INFO","level_value":20000,"appName":"incident-intake","requestId":"9650620f-9786-480a-9133-13d745b252c5","app":"incident-intake"}
{"timestamp":"2026-07-01T17:27:31.2392867+05:30","@version":"1","message":"method=GET path=/incidents status=200 durationMs=4 requestId=d9e7e840-5881-4b64-9b58-9dc2b13d5102","logger":"com.example.incidentintake.common.logging.RequestLoggingFilter","thread":"main","level":"INFO","level_value":20000,"appName":"incident-intake","requestId":"d9e7e840-5881-4b64-9b58-9dc2b13d5102","app":"incident-intake"}
]]></system-out>
  </testcase>
  <testcase name="getById_notFound_returns404" classname="com.example.incidentintake.IncidentControllerTest" time="0.014">
    <system-out><![CDATA[{"timestamp":"2026-07-01T17:27:31.2556859+05:30","@version":"1","message":"method=GET path=/incidents/00000000-0000-0000-0000-000000000000 status=404 durationMs=7 requestId=d6381835-fcc6-47ea-af0a-c9d4b0302aa3","logger":"com.example.incidentintake.common.logging.RequestLoggingFilter","thread":"main","level":"INFO","level_value":20000,"appName":"incident-intake","requestId":"d6381835-fcc6-47ea-af0a-c9d4b0302aa3","app":"incident-intake"}
]]></system-out>
  </testcase>
  <testcase name="listIncidents_filterByStatus" classname="com.example.incidentintake.IncidentControllerTest" time="0.013">
    <system-out><![CDATA[{"timestamp":"2026-07-01T17:27:31.2626786+05:30","@version":"1","message":"event=INCIDENT_CREATED id=1fbb86da-bd86-474a-b3a1-e0e01b8185ac severity=MEDIUM title=\"C\" reportedBy=y","logger":"com.example.incidentintake.incident.application.IncidentService","thread":"main","level":"INFO","level_value":20000,"appName":"incident-intake","incidentId":"1fbb86da-bd86-474a-b3a1-e0e01b8185ac","requestId":"18142486-eb3b-42fe-8e18-90dcb914c7d2","app":"incident-intake"}
{"timestamp":"2026-07-01T17:27:31.2636748+05:30","@version":"1","message":"method=POST path=/incidents status=201 durationMs=2 requestId=18142486-eb3b-42fe-8e18-90dcb914c7d2","logger":"com.example.incidentintake.common.logging.RequestLoggingFilter","thread":"main","level":"INFO","level_value":20000,"appName":"incident-intake","requestId":"18142486-eb3b-42fe-8e18-90dcb914c7d2","app":"incident-intake"}
{"timestamp":"2026-07-01T17:27:31.268638+05:30","@version":"1","message":"method=GET path=/incidents status=200 durationMs=4 requestId=5cec38ca-d927-493d-ae76-94b39aeb22ac","logger":"com.example.incidentintake.common.logging.RequestLoggingFilter","thread":"main","level":"INFO","level_value":20000,"appName":"incident-intake","requestId":"5cec38ca-d927-493d-ae76-94b39aeb22ac","app":"incident-intake"}
]]></system-out>
  </testcase>
</testsuite>