<?xml version="1.0" encoding="UTF-8"?>
<testsuite xmlns:xsi="http://www.w3.org/2001/XMLSchema-instance" xsi:noNamespaceSchemaLocation="https://maven.apache.org/surefire/maven-surefire-plugin/xsd/surefire-test-report.xsd" version="3.0.2" name="com.example.incidentintake.IncidentMcpToolsTest" time="0.361" tests="5" errors="0" skipped="0" failures="0">
  <properties>
[...]
</properties>
  <testcase name="getIncidentHistory_delegatesToAuditService" classname="com.example.incidentintake.IncidentMcpToolsTest" time="0.242"/>
  <testcase name="listIncidents_withFilters_parsesEnums" classname="com.example.incidentintake.IncidentMcpToolsTest" time="0.007"/>
  <testcase name="createIncident_delegatesToService" classname="com.example.incidentintake.IncidentMcpToolsTest" time="0.097"/>
  <testcase name="getIncident_delegatesToService" classname="com.example.incidentintake.IncidentMcpToolsTest" time="0.007"/>
  <testcase name="listIncidents_withNullFilters_delegatesNulls" classname="com.example.incidentintake.IncidentMcpToolsTest" time="0.004"/>
</testsuite>